#
# There is insufficient memory for the Java Runtime Environment to continue.
# Native memory allocation (malloc) failed to allocate 1048576 bytes. Error detail: AllocateHeap
# Possible reasons:
#   The system is out of physical RAM or swap space
#   This process is running with CompressedOops enabled, and the Java Heap may be blocking the growth of the native heap
# Possible solutions:
#   Reduce memory load on the system
#   Increase physical memory or swap space
#   Check if swap backing store is full
#   Decrease Java heap size (-Xmx/-Xms)
#   Decrease number of Java threads
#   Decrease Java thread stack sizes (-Xss)
#   Set larger code cache with -XX:ReservedCodeCacheSize=
#   JVM is running with Unscaled Compressed Oops mode in which the Java heap is
#     placed in the first 4GB address space. The Java Heap base address is the
#     maximum limit for the native heap growth. Please use -XX:HeapBaseMinAddress
#     to set the Java Heap base and to place the Java Heap above 4GB virtual address.
# This output file may be truncated or incomplete.
#
#  Out of Memory Error (allocation.cpp:44), pid=8864, tid=11864
#
# JRE version:  (17.0.13+11) (build )
# Java VM: OpenJDK 64-Bit Server VM (17.0.13+11, mixed mode, tiered, compressed oops, compressed class ptrs, parallel gc, windows-amd64)
# No core dump will be written. Minidumps are not enabled by default on client versions of Windows
#

---------------  S U M M A R Y ------------

Command Line: --add-modules=ALL-SYSTEM --add-opens=java.base/java.util=ALL-UNNAMED --add-opens=java.base/java.lang=ALL-UNNAMED --add-opens=java.base/sun.nio.fs=ALL-UNNAMED -Declipse.application=org.eclipse.jdt.ls.core.id1 -Dosgi.bundles.defaultStartLevel=4 -Declipse.product=org.eclipse.jdt.ls.core.product -Djava.import.generatesMetadataFilesAtProjectRoot=false -DDetectVMInstallationsJob.disabled=true -Dfile.encoding=utf8 -XX:+UseParallelGC -XX:GCTimeRatio=4 -XX:AdaptiveSizePolicyWeight=90 -Dsun.zip.disableMemoryMapping=true -Xmx1G -Xms100m -Xlog:disable -javaagent:c:\Users\nhang\.vscode\extensions\redhat.java-1.36.0-win32-x64\lombok\lombok-1.18.35.jar -XX:+HeapDumpOnOutOfMemoryError -XX:HeapDumpPath=c:\Users\nhang\AppData\Roaming\Code\User\workspaceStorage\ff2f2d5f287b2411ff3e17ee72128ecd\redhat.java -Daether.dependencyCollector.impl=bf c:\Users\nhang\.vscode\extensions\redhat.java-1.36.0-win32-x64\server\plugins\org.eclipse.equinox.launcher_1.6.900.v20240613-2009.jar -configuration c:\Users\nhang\AppData\Roaming\Code\User\globalStorage\redhat.java\1.36.0\config_win -data c:\Users\nhang\AppData\Roaming\Code\User\workspaceStorage\ff2f2d5f287b2411ff3e17ee72128ecd\redhat.java\jdt_ws --pipe=\\.\pipe\lsp-29e0f11146fa35012bcb0efc1b9081bb-sock

Host: AMD Ryzen 5 5600H with Radeon Graphics         , 12 cores, 7G,  Windows 11 , 64 bit Build 22621 (10.0.22621.3958)
Time: Wed Nov 13 17:02:11 2024 SE Asia Standard Time elapsed time: 0.201105 seconds (0d 0h 0m 0s)

---------------  T H R E A D  ---------------

Current thread (0x00000299bf7ade00):  JavaThread "Unknown thread" [_thread_in_vm, id=11864, stack(0x000000c703200000,0x000000c703300000)]

Stack: [0x000000c703200000,0x000000c703300000]
Native frames: (J=compiled Java code, j=interpreted, Vv=VM code, C=native code)
V  [jvm.dll+0x682a19]
V  [jvm.dll+0x839538]
V  [jvm.dll+0x83afe3]
V  [jvm.dll+0x83b653]
V  [jvm.dll+0x24704f]
V  [jvm.dll+0xa7543]
V  [jvm.dll+0x6bfbe3]
V  [jvm.dll+0x6c075f]
V  [jvm.dll+0x68f248]
V  [jvm.dll+0x80bb63]
V  [jvm.dll+0x36b514]
V  [jvm.dll+0x7e9e3f]
V  [jvm.dll+0x3f1d7f]
V  [jvm.dll+0x3f38b1]
C  [jli.dll+0x5278]
C  [ucrtbase.dll+0x29333]
C  [KERNEL32.DLL+0x1257d]
C  [ntdll.dll+0x5af08]


---------------  P R O C E S S  ---------------

Threads class SMR info:
_java_thread_list=0x00007ff8a00f7f58, length=0, elements={
}

Java Threads: ( => current thread )

Other Threads:
  0x00000299bf7c29d0 GCTaskThread "GC Thread#0" [stack: 0x000000c703300000,0x000000c703400000] [id=11996]

=>0x00000299bf7ade00 (exited) JavaThread "Unknown thread" [_thread_in_vm, id=11864, stack(0x000000c703200000,0x000000c703300000)]

Threads with active compile tasks:

VM state: not at safepoint (normal execution)

VM Mutex/Monitor currently owned by a thread: None

Heap address: 0x00000000c0000000, size: 1024 MB, Compressed Oops mode: 32-bit

CDS archive(s) not mapped
Compressed class space mapped at: 0x0000000100000000-0x0000000140000000, reserved size: 1073741824
Narrow klass base: 0x0000000000000000, Narrow klass shift: 3, Narrow klass range: 0x140000000

GC Precious Log:
 CPUs: 12 total, 12 available
 Memory: 7521M
 Large Page Support: Disabled
 NUMA Support: Disabled
 Compressed Oops: Enabled (32-bit)
 Alignments: Space 512K, Generation 512K, Heap 2M
 Heap Min Capacity: 100M
 Heap Initial Capacity: 100M
 Heap Max Capacity: 1G
 Pre-touch: Disabled
 Parallel Workers: 10

Heap:
 PSYoungGen      total 29696K, used 512K [0x00000000eab00000, 0x00000000ecc00000, 0x0000000100000000)
  eden space 25600K, 2% used [0x00000000eab00000,0x00000000eab80070,0x00000000ec400000)
  from space 4096K, 0% used [0x00000000ec800000,0x00000000ec800000,0x00000000ecc00000)
  to   space 4096K, 0% used [0x00000000ec400000,0x00000000ec400000,0x00000000ec800000)
 ParOldGen       total 68608K, used 0K [0x00000000c0000000, 0x00000000c4300000, 0x00000000eab00000)
  object space 68608K, 0% used [0x00000000c0000000,0x00000000c0000000,0x00000000c4300000)
 Metaspace       used 1149K, committed 1216K, reserved 1114112K
  class space    used 101K, committed 128K, reserved 1048576K

Card table byte_map: [0x00000299d2e30000,0x00000299d3040000] _byte_map_base: 0x00000299d2830000

Marking Bits: (ParMarkBitMap*) 0x00007ff8a0166940
 Begin Bits: [0x00000299d31a0000, 0x00000299d41a0000)
 End Bits:   [0x00000299d41a0000, 0x00000299d51a0000)

Polling page: 0x00000299bf5e0000

Metaspace:

Usage:
  Non-class:      1.02 MB used.
      Class:    101.05 KB used.
       Both:      1.12 MB used.

Virtual space:
  Non-class space:       64.00 MB reserved,       1.06 MB (  2%) committed,  1 nodes.
      Class space:        1.00 GB reserved,     128.00 KB ( <1%) committed,  1 nodes.
             Both:        1.06 GB reserved,       1.19 MB ( <1%) committed. 

Chunk freelists:
   Non-Class:  12.00 MB
       Class:  15.75 MB
        Both:  27.75 MB

MaxMetaspaceSize: unlimited
CompressedClassSpaceSize: 1.00 GB
Initial GC threshold: 21.00 MB
Current GC threshold: 17179869184.00 GB
CDS: off
MetaspaceReclaimPolicy: balanced
 - commit_granule_bytes: 65536.
 - commit_granule_words: 8192.
 - virtual_space_node_default_size: 8388608.
 - enlarge_chunks_in_place: 1.
 - new_chunks_are_fully_committed: 0.
 - uncommit_free_chunks: 1.
 - use_allocation_guard: 0.
 - handle_deallocations: 1.


Internal statistics:

num_allocs_failed_limit: 0.
num_arena_births: 2.
num_arena_deaths: 0.
num_vsnodes_births: 2.
num_vsnodes_deaths: 0.
num_space_committed: 19.
num_space_uncommitted: 0.
num_chunks_returned_to_freelist: 0.
num_chunks_taken_from_freelist: 3.
num_chunk_merges: 0.
num_chunk_splits: 2.
num_chunks_enlarged: 0.
num_inconsistent_stats: 0.

CodeHeap 'non-profiled nmethods': size=120000Kb used=0Kb max_used=0Kb free=120000Kb
 bounds [0x00000299cb720000, 0x00000299cb990000, 0x00000299d2c50000]
CodeHeap 'profiled nmethods': size=120000Kb used=0Kb max_used=0Kb free=120000Kb
 bounds [0x00000299c3c50000, 0x00000299c3ec0000, 0x00000299cb180000]
CodeHeap 'non-nmethods': size=5760Kb used=202Kb max_used=353Kb free=5557Kb
 bounds [0x00000299cb180000, 0x00000299cb3f0000, 0x00000299cb720000]
 total_blobs=66 nmethods=0 adapters=47
 compilation: enabled
              stopped_count=0, restarted_count=0
 full_count=0

Compilation events (0 events):
No events

GC Heap History (0 events):
No events

Dll operation events (1 events):
Event: 0.081 Loaded shared library c:\Users\nhang\.vscode\extensions\redhat.java-1.36.0-win32-x64\jre\17.0.13-win32-x86_64\bin\java.dll

Deoptimization events (0 events):
No events

Classes loaded (20 events):
Event: 0.192 Loading class java/lang/Long
Event: 0.192 Loading class java/lang/Long done
Event: 0.192 Loading class java/util/Iterator
Event: 0.192 Loading class java/util/Iterator done
Event: 0.192 Loading class java/lang/reflect/RecordComponent
Event: 0.192 Loading class java/lang/reflect/RecordComponent done
Event: 0.192 Loading class jdk/internal/vm/vector/VectorSupport
Event: 0.193 Loading class jdk/internal/vm/vector/VectorSupport done
Event: 0.193 Loading class jdk/internal/vm/vector/VectorSupport$VectorPayload
Event: 0.193 Loading class jdk/internal/vm/vector/VectorSupport$VectorPayload done
Event: 0.193 Loading class jdk/internal/vm/vector/VectorSupport$Vector
Event: 0.193 Loading class jdk/internal/vm/vector/VectorSupport$Vector done
Event: 0.193 Loading class jdk/internal/vm/vector/VectorSupport$VectorMask
Event: 0.193 Loading class jdk/internal/vm/vector/VectorSupport$VectorMask done
Event: 0.193 Loading class jdk/internal/vm/vector/VectorSupport$VectorShuffle
Event: 0.193 Loading class jdk/internal/vm/vector/VectorSupport$VectorShuffle done
Event: 0.198 Loading class java/lang/NullPointerException
Event: 0.198 Loading class java/lang/NullPointerException done
Event: 0.198 Loading class java/lang/ArithmeticException
Event: 0.198 Loading class java/lang/ArithmeticException done

Classes unloaded (0 events):
No events

Classes redefined (0 events):
No events

Internal exceptions (0 events):
No events

VM Operations (0 events):
No events

Memory protections (0 events):
No events

Nmethod flushes (0 events):
No events

Events (0 events):
No events


Dynamic libraries:
0x00007ff7ef490000 - 0x00007ff7ef49e000 	c:\Users\nhang\.vscode\extensions\redhat.java-1.36.0-win32-x64\jre\17.0.13-win32-x86_64\bin\java.exe
0x00007ff92c2b0000 - 0x00007ff92c4c7000 	C:\WINDOWS\SYSTEM32\ntdll.dll
0x00007ff92a1c0000 - 0x00007ff92a284000 	C:\WINDOWS\System32\KERNEL32.DLL
0x00007ff929850000 - 0x00007ff929c07000 	C:\WINDOWS\System32\KERNELBASE.dll
0x00007ff929640000 - 0x00007ff929751000 	C:\WINDOWS\System32\ucrtbase.dll
0x00007ff902270000 - 0x00007ff902287000 	c:\Users\nhang\.vscode\extensions\redhat.java-1.36.0-win32-x64\jre\17.0.13-win32-x86_64\bin\jli.dll
0x00007ff901f90000 - 0x00007ff901fae000 	c:\Users\nhang\.vscode\extensions\redhat.java-1.36.0-win32-x64\jre\17.0.13-win32-x86_64\bin\VCRUNTIME140.dll
0x00007ff92b750000 - 0x00007ff92b8ff000 	C:\WINDOWS\System32\USER32.dll
0x00007ff929760000 - 0x00007ff929786000 	C:\WINDOWS\System32\win32u.dll
0x00007ff913a50000 - 0x00007ff913ce3000 	C:\WINDOWS\WinSxS\amd64_microsoft.windows.common-controls_6595b64144ccf1df_6.0.22621.3672_none_2713b9d173822955\COMCTL32.dll
0x00007ff92b900000 - 0x00007ff92b929000 	C:\WINDOWS\System32\GDI32.dll
0x00007ff92b950000 - 0x00007ff92b9f7000 	C:\WINDOWS\System32\msvcrt.dll
0x00007ff929c10000 - 0x00007ff929d28000 	C:\WINDOWS\System32\gdi32full.dll
0x00007ff929d30000 - 0x00007ff929dca000 	C:\WINDOWS\System32\msvcp_win.dll
0x00007ff92a180000 - 0x00007ff92a1b1000 	C:\WINDOWS\System32\IMM32.DLL
0x00007ff9138c0000 - 0x00007ff9138cc000 	c:\Users\nhang\.vscode\extensions\redhat.java-1.36.0-win32-x64\jre\17.0.13-win32-x86_64\bin\vcruntime140_1.dll
0x00007ff8f8de0000 - 0x00007ff8f8e6d000 	c:\Users\nhang\.vscode\extensions\redhat.java-1.36.0-win32-x64\jre\17.0.13-win32-x86_64\bin\msvcp140.dll
0x00007ff89f5c0000 - 0x00007ff8a022b000 	c:\Users\nhang\.vscode\extensions\redhat.java-1.36.0-win32-x64\jre\17.0.13-win32-x86_64\bin\server\jvm.dll
0x00007ff92b280000 - 0x00007ff92b332000 	C:\WINDOWS\System32\ADVAPI32.dll
0x00007ff92a960000 - 0x00007ff92aa08000 	C:\WINDOWS\System32\sechost.dll
0x00007ff929dd0000 - 0x00007ff929df8000 	C:\WINDOWS\System32\bcrypt.dll
0x00007ff92afe0000 - 0x00007ff92b0f4000 	C:\WINDOWS\System32\RPCRT4.dll
0x00007ff92b340000 - 0x00007ff92b3b1000 	C:\WINDOWS\System32\WS2_32.dll
0x00007ff928430000 - 0x00007ff92847d000 	C:\WINDOWS\SYSTEM32\POWRPROF.dll
0x00007ff924da0000 - 0x00007ff924dd4000 	C:\WINDOWS\SYSTEM32\WINMM.dll
0x00007ff921210000 - 0x00007ff92121a000 	C:\WINDOWS\SYSTEM32\VERSION.dll
0x00007ff928410000 - 0x00007ff928423000 	C:\WINDOWS\SYSTEM32\UMPDC.dll
0x00007ff9286c0000 - 0x00007ff9286d8000 	C:\WINDOWS\SYSTEM32\kernel.appcore.dll
0x00007ff913720000 - 0x00007ff91372a000 	c:\Users\nhang\.vscode\extensions\redhat.java-1.36.0-win32-x64\jre\17.0.13-win32-x86_64\bin\jimage.dll
0x00007ff91ec00000 - 0x00007ff91ee32000 	C:\WINDOWS\SYSTEM32\DBGHELP.DLL
0x00007ff92b3c0000 - 0x00007ff92b74e000 	C:\WINDOWS\System32\combase.dll
0x00007ff92ae00000 - 0x00007ff92aed7000 	C:\WINDOWS\System32\OLEAUT32.dll
0x00007ff901e10000 - 0x00007ff901e42000 	C:\WINDOWS\SYSTEM32\dbgcore.DLL
0x00007ff9295c0000 - 0x00007ff92963b000 	C:\WINDOWS\System32\bcryptPrimitives.dll
0x00007ff912210000 - 0x00007ff91221e000 	c:\Users\nhang\.vscode\extensions\redhat.java-1.36.0-win32-x64\jre\17.0.13-win32-x86_64\bin\instrument.dll
0x00007ff8ffb70000 - 0x00007ff8ffb95000 	c:\Users\nhang\.vscode\extensions\redhat.java-1.36.0-win32-x64\jre\17.0.13-win32-x86_64\bin\java.dll
0x00007ff9001d0000 - 0x00007ff9001e8000 	c:\Users\nhang\.vscode\extensions\redhat.java-1.36.0-win32-x64\jre\17.0.13-win32-x86_64\bin\zip.dll

dbghelp: loaded successfully - version: 4.0.5 - missing functions: none
symbol engine: initialized successfully - sym options: 0x614 - pdb path: .;c:\Users\nhang\.vscode\extensions\redhat.java-1.36.0-win32-x64\jre\17.0.13-win32-x86_64\bin;C:\WINDOWS\SYSTEM32;C:\WINDOWS\WinSxS\amd64_microsoft.windows.common-controls_6595b64144ccf1df_6.0.22621.3672_none_2713b9d173822955;c:\Users\nhang\.vscode\extensions\redhat.java-1.36.0-win32-x64\jre\17.0.13-win32-x86_64\bin\server

VM Arguments:
jvm_args: --add-modules=ALL-SYSTEM --add-opens=java.base/java.util=ALL-UNNAMED --add-opens=java.base/java.lang=ALL-UNNAMED --add-opens=java.base/sun.nio.fs=ALL-UNNAMED -Declipse.application=org.eclipse.jdt.ls.core.id1 -Dosgi.bundles.defaultStartLevel=4 -Declipse.product=org.eclipse.jdt.ls.core.product -Djava.import.generatesMetadataFilesAtProjectRoot=false -DDetectVMInstallationsJob.disabled=true -Dfile.encoding=utf8 -XX:+UseParallelGC -XX:GCTimeRatio=4 -XX:AdaptiveSizePolicyWeight=90 -Dsun.zip.disableMemoryMapping=true -Xmx1G -Xms100m -Xlog:disable -javaagent:c:\Users\nhang\.vscode\extensions\redhat.java-1.36.0-win32-x64\lombok\lombok-1.18.35.jar -XX:+HeapDumpOnOutOfMemoryError -XX:HeapDumpPath=c:\Users\nhang\AppData\Roaming\Code\User\workspaceStorage\ff2f2d5f287b2411ff3e17ee72128ecd\redhat.java -Daether.dependencyCollector.impl=bf 
java_command: c:\Users\nhang\.vscode\extensions\redhat.java-1.36.0-win32-x64\server\plugins\org.eclipse.equinox.launcher_1.6.900.v20240613-2009.jar -configuration c:\Users\nhang\AppData\Roaming\Code\User\globalStorage\redhat.java\1.36.0\config_win -data c:\Users\nhang\AppData\Roaming\Code\User\workspaceStorage\ff2f2d5f287b2411ff3e17ee72128ecd\redhat.java\jdt_ws --pipe=\\.\pipe\lsp-29e0f11146fa35012bcb0efc1b9081bb-sock
java_class_path (initial): c:\Users\nhang\.vscode\extensions\redhat.java-1.36.0-win32-x64\server\plugins\org.eclipse.equinox.launcher_1.6.900.v20240613-2009.jar
Launcher Type: SUN_STANDARD

[Global flags]
    uintx AdaptiveSizePolicyWeight                 = 90                                        {product} {command line}
     intx CICompilerCount                          = 4                                         {product} {ergonomic}
    uintx GCTimeRatio                              = 4                                         {product} {command line}
     bool HeapDumpOnOutOfMemoryError               = true                                   {manageable} {command line}
    ccstr HeapDumpPath                             = c:\Users\nhang\AppData\Roaming\Code\User\workspaceStorage\ff2f2d5f287b2411ff3e17ee72128ecd\redhat.java         {manageable} {command line}
   size_t InitialHeapSize                          = 104857600                                 {product} {command line}
   size_t MaxHeapSize                              = 1073741824                                {product} {command line}
   size_t MaxNewSize                               = 357564416                                 {product} {ergonomic}
   size_t MinHeapDeltaBytes                        = 524288                                    {product} {ergonomic}
   size_t MinHeapSize                              = 104857600                                 {product} {command line}
   size_t NewSize                                  = 34603008                                  {product} {ergonomic}
    uintx NonNMethodCodeHeapSize                   = 5839372                                {pd product} {ergonomic}
    uintx NonProfiledCodeHeapSize                  = 122909434                              {pd product} {ergonomic}
   size_t OldSize                                  = 70254592                                  {product} {ergonomic}
    uintx ProfiledCodeHeapSize                     = 122909434                              {pd product} {ergonomic}
    uintx ReservedCodeCacheSize                    = 251658240                              {pd product} {ergonomic}
     bool SegmentedCodeCache                       = true                                      {product} {ergonomic}
   size_t SoftMaxHeapSize                          = 1073741824                             {manageable} {ergonomic}
     bool UseCompressedClassPointers               = true                           {product lp64_product} {ergonomic}
     bool UseCompressedOops                        = true                           {product lp64_product} {ergonomic}
     bool UseLargePagesIndividualAllocation        = false                                  {pd product} {ergonomic}
     bool UseParallelGC                            = true                                      {product} {command line}

Logging:
Log output configuration:
 #0: stdout all=off uptime,level,tags
 #1: stderr all=off uptime,level,tags

Environment Variables:
PATH=C:\Program Files (x86)\VMware\VMware Workstation\bin\;C:\Program Files\Common Files\Oracle\Java\javapath;C:\WINDOWS\system32;C:\WINDOWS;C:\WINDOWS\System32\Wbem;C:\WINDOWS\System32\WindowsPowerShell\v1.0\;C:\WINDOWS\System32\OpenSSH\;C:\Program Files\Docker\Docker\resources\bin;C:\Program Files\Git\cmd;C:\Users\nhang\AppData\Local\Programs\Python\Launcher\;C:\Program Files\MySQL\MySQL Shell 8.0\bin\;C:\Users\nhang\AppData\Local\Microsoft\WindowsApps;C:\Users\nhang\AppData\Local\Programs\Microsoft VS Code\bin
USERNAME=nhang
OS=Windows_NT
PROCESSOR_IDENTIFIER=AMD64 Family 25 Model 80 Stepping 0, AuthenticAMD
TMP=C:\Users\nhang\AppData\Local\Temp
TEMP=C:\Users\nhang\AppData\Local\Temp



Periodic native trim disabled


---------------  S Y S T E M  ---------------

OS:
 Windows 11 , 64 bit Build 22621 (10.0.22621.3958)
OS uptime: 0 days 8:25 hours
Hyper-V role detected

CPU: total 12 (initial active 12) (12 cores per cpu, 2 threads per core) family 25 model 80 stepping 0 microcode 0x0, cx8, cmov, fxsr, ht, mmx, 3dnowpref, sse, sse2, sse3, ssse3, sse4a, sse4.1, sse4.2, popcnt, lzcnt, tsc, tscinvbit, avx, avx2, aes, erms, clmul, bmi1, bmi2, adx, sha, fma, vzeroupper, clflush, clflushopt, hv
Processor Information for all 12 processors :
  Max Mhz: 3301, Current Mhz: 3301, Mhz Limit: 3301

Memory: 4k page, system-wide physical 7521M (49M free)
TotalPageFile size 15521M (AvailPageFile size 6M)
current process WorkingSet (physical memory assigned to process): 17M, peak: 17M
current process commit charge ("private bytes"): 179M, peak: 180M

vm_info: OpenJDK 64-Bit Server VM (17.0.13+11) for windows-amd64 JRE (17.0.13+11), built on Oct 16 2024 00:10:08 by "admin" with MS VC++ 17.7 (VS2022)

END.
